        -:    0:Source:C:/Users/norby/Desktop/FACULTATE/SEM 2/OOP/a6-NorbyInfoGod-1/service.h
        -:    0:Graph:C:\Users\norby\Desktop\FACULTATE\SEM 2\OOP\a6-NorbyInfoGod-1\cmake-build-debug-coverage\CMakeFiles\a6_NorbyInfoGod_1.dir\main.cpp.gcno
        -:    0:Data:C:\Users\norby\Desktop\FACULTATE\SEM 2\OOP\a6-NorbyInfoGod-1\cmake-build-debug-coverage\CMakeFiles\a6_NorbyInfoGod_1.dir\main.cpp.gcda
        -:    0:Runs:1
        -:    1://
        -:    2:// Created by norby on 4/25/2023.
        -:    3://
        -:    4:
        -:    5:#ifndef A6_NORBYINFOGOD_1_SERVICE_H
        -:    6:#define A6_NORBYINFOGOD_1_SERVICE_H
        -:    7:#include "repository.h"
        -:    8:#include "watchlist.h"
        -:    9:class MyException: public std::exception{
        -:   10:private:
        -:   11:    char const* message;
        -:   12:public:
function _ZN11MyExceptionC1EPKc called 4 returned 100% blocks executed 100%
        4:   13:    MyException(char const* msg) : message(msg) {}
        4:   13-block  0
call    0 returned 4
function _ZN11MyException4whatEv called 1 returned 100% blocks executed 100%
        1:   14:    char const* what()
        -:   15:    {
        1:   16:        return message;
        1:   16-block  0
        -:   17:    }
        -:   18:};
        -:   19:class Service
        -:   20:{
        -:   21:    private:
        -:   22:        Repository& repository;
        -:   23:        Watchlist watchlist;
        -:   24:    public:
function _ZN7ServiceC1ER10Repository called 2 returned 100% blocks executed 100%
        2:   25:        Service(Repository& r) : repository{r} {}
        2:   25-block  0
call    0 returned 2
function _ZN7Service4RepoEv called 3 returned 100% blocks executed 100%
        3:   26:        Repository& Repo()
        -:   27:        {
        3:   28:            return repository;
        3:   28-block  0
        -:   29:        }
function _ZN7Service9WatchlistEv called 0 returned 0% blocks executed 0%
    #####:   30:        Watchlist Watchlist()
        -:   31:        {
    #####:   32:            return watchlist;
    %%%%%:   32-block  0
call    0 never executed
        -:   33:        }
function _ZN7Service10getWLengthEv called 2 returned 100% blocks executed 100%
        2:   34:        int getWLength()
        -:   35:        {
        2:   36:            return watchlist.getLength();
        2:   36-block  0
call    0 returned 2
        -:   37:        }
function _ZN7Service4likeEi called 1 returned 100% blocks executed 100%
        1:   38:        void like(const int index)
        -:   39:        {
        1:   40:            this->repository[index].Like();
        1:   40-block  0
call    0 returned 1
call    1 returned 1
        1:   41:        }
function _ZN7Service14add_repositoryERK8Tutorial called 3 returned 67% blocks executed 100%
        3:   42:        void add_repository(const Tutorial& to_be_added)
        -:   43:        {
        3:   44:            if(this->repository.search(to_be_added))
        3:   44-block  0
call    0 returned 3
branch  1 taken 1 (fallthrough)
branch  2 taken 2
        1:   45:                throw MyException("Element already present");
        1:   45-block  0
call    0 returned 1
call    1 returned 1
call    2 returned 0
        2:   46:            this->repository.add(to_be_added);
        2:   46-block  0
call    0 returned 2
        2:   47:        }
        -:   48:
function _ZN7Service17remove_repositoryEi called 2 returned 50% blocks executed 100%
        2:   49:        void remove_repository(const int index)
        -:   50:        {
        2:   51:            if(index>=this->repository.getLength() || index<0)
        2:   51-block  0
call    0 returned 2
branch  1 taken 1 (fallthrough)
branch  2 taken 1
        1:   51-block  1
branch  3 taken 0 (fallthrough)
branch  4 taken 1
        1:   51-block  2
        1:   51-block  3
        2:   51-block  4
branch  5 taken 1 (fallthrough)
branch  6 taken 1
        1:   52:                throw MyException("Invalid index");
        1:   52-block  0
call    0 returned 1
call    1 returned 1
call    2 returned 0
        1:   53:            this->repository.remove(index);
        1:   53-block  0
call    0 returned 1
        1:   54:        }
        -:   55:
function _ZN7Service17update_repositoryEiNSt7__cxx1112basic_stringIcSt11char_traitsIcESaIcEEES5_iiiS5_ called 1 returned 100% blocks executed 53%
        1:   56:        void update_repository(const int index, std::string presenter, std::string title, int minutes, int seconds, int likes, std::string link)
        -:   57:        {
        1:   58:            this->repository.update(index, presenter, title, minutes, seconds, likes, link);
        1:   58-block  0
call    0 returned 1
call    1 returned 1
branch  2 taken 1 (fallthrough)
branch  3 taken 0 (throw)
        1:   58-block  1
call    4 returned 1
branch  5 taken 1 (fallthrough)
branch  6 taken 0 (throw)
        1:   58-block  2
call    7 returned 1
branch  8 taken 1 (fallthrough)
branch  9 taken 0 (throw)
        1:   58-block  3
call   10 returned 1
call   11 returned 1
call   12 returned 1
    $$$$$:   58-block  4
call   13 never executed
    $$$$$:   58-block  5
    $$$$$:   58-block  6
call   14 never executed
    $$$$$:   58-block  7
    $$$$$:   58-block  8
call   15 never executed
        1:   59:        }
function _ZN7Service8isNumberERKNSt7__cxx1112basic_stringIcSt11char_traitsIcESaIcEEE called 1 returned 100% blocks executed 78%
        1:   60:        bool isNumber(const std::string& s)
        -:   61:        {
        1:   62:            return std::regex_match(s, std::regex("[0-9]+"));
        1:   62-block  0
call    0 returned 1
call    1 returned 1
branch  2 taken 1 (fallthrough)
branch  3 taken 0 (throw)
        1:   62-block  1
        1:   62-block  2
call    4 returned 1
        1:   62-block  3
    $$$$$:   62-block  4
call    5 never executed
        -:   63:        }
function _ZN7Service6isLinkERKNSt7__cxx1112basic_stringIcSt11char_traitsIcESaIcEEE called 1 returned 100% blocks executed 78%
        1:   64:        bool isLink(const std::string& s)
        -:   65:        {
        1:   66:            return std::regex_match(s, std::regex("https://www.youtube.com/watch?v=[a-z0-9]+"));
        1:   66-block  0
call    0 returned 1
call    1 returned 1
branch  2 taken 1 (fallthrough)
branch  3 taken 0 (throw)
        1:   66-block  1
        1:   66-block  2
call    4 returned 1
        1:   66-block  3
    $$$$$:   66-block  4
call    5 never executed
        -:   67:        }
function _ZN7Service13add_watchlistERK8Tutorial called 3 returned 67% blocks executed 100%
        3:   68:        void add_watchlist(const Tutorial& to_be_added)
        -:   69:        {
        3:   70:            if(this->watchlist.search(to_be_added))
        3:   70-block  0
call    0 returned 3
branch  1 taken 1 (fallthrough)
branch  2 taken 2
        1:   71:                throw MyException("Element already present");
        1:   71-block  0
call    0 returned 1
call    1 returned 1
call    2 returned 0
        2:   72:            this->watchlist.add(to_be_added);
        2:   72-block  0
call    0 returned 2
        2:   73:        }
        -:   74:
function _ZN7Service16remove_watchlistEi called 2 returned 50% blocks executed 100%
        2:   75:        void remove_watchlist(const int index)
        -:   76:        {
        2:   77:            if(index>=this->watchlist.getLength() || index<0)
        2:   77-block  0
call    0 returned 2
branch  1 taken 1 (fallthrough)
branch  2 taken 1
        1:   77-block  1
branch  3 taken 0 (fallthrough)
branch  4 taken 1
        1:   77-block  2
        1:   77-block  3
        2:   77-block  4
branch  5 taken 1 (fallthrough)
branch  6 taken 1
        1:   78:                throw MyException("Invalid index");
        1:   78-block  0
call    0 returned 1
call    1 returned 1
call    2 returned 0
        1:   79:            this->watchlist.remove(index);
        1:   79-block  0
call    0 returned 1
        1:   80:        }
        -:   81:
function _ZN7Service7getRepoEi called 1 returned 100% blocks executed 100%
        1:   82:        Tutorial getRepo(const int index)
        -:   83:        {
        1:   84:            return this->repository[index];
        1:   84-block  0
call    0 returned 1
call    1 returned 1
        -:   85:        }
function _ZN7Service12getWatchlistEi called 1 returned 100% blocks executed 100%
        1:   86:        Tutorial getWatchlist(const int index)
        -:   87:        {
        1:   88:            return this->watchlist[index];
        1:   88-block  0
call    0 returned 1
call    1 returned 1
        -:   89:        }
        -:   90:    };
        -:   91:#endif //A6_NORBYINFOGOD_1_SERVICE_H
