        -:    0:Source:C:/Users/norby/Desktop/FACULTATE/SEM 2/OOP/a6-NorbyInfoGod-1/test.h
        -:    0:Graph:C:\Users\norby\Desktop\FACULTATE\SEM 2\OOP\a6-NorbyInfoGod-1\cmake-build-debug-coverage\CMakeFiles\a6_NorbyInfoGod_1.dir\main.cpp.gcno
        -:    0:Data:C:\Users\norby\Desktop\FACULTATE\SEM 2\OOP\a6-NorbyInfoGod-1\cmake-build-debug-coverage\CMakeFiles\a6_NorbyInfoGod_1.dir\main.cpp.gcda
        -:    0:Runs:1
        -:    1://
        -:    2:// Created by norby on 4/24/2023.
        -:    3://
        -:    4:#pragma once
        -:    5:#ifndef A45_NORBYINFOGOD_TEST_H
        -:    6:#define A45_NORBYINFOGOD_TEST_H
        -:    7:#include <assert.h>
        -:    8:#include "service.h"
        -:    9:
function _Z9run_testsv called 1 returned 100% blocks executed 42%
        1:   10:void run_tests()
        -:   11:{
        1:   12:    Repository repo{};
        1:   12-block  0
call    0 returned 1
        1:   13:    Service service{repo};
call    0 returned 1
        2:   14:    Tutorial t1("Fireship", "C++ in 100 Seconds", 2, 46, 23, "https://www.youtube.com/watch?v=MNeX4EGtR5Y" );
call    0 returned 1
call    1 returned 1
branch  2 taken 1 (fallthrough)
branch  3 taken 0 (throw)
        1:   14-block  0
call    4 returned 1
call    5 returned 1
branch  6 taken 1 (fallthrough)
branch  7 taken 0 (throw)
        1:   14-block  1
call    8 returned 1
call    9 returned 1
branch 10 taken 1 (fallthrough)
branch 11 taken 0 (throw)
        1:   14-block  2
call   12 returned 1
branch 13 taken 1 (fallthrough)
branch 14 taken 0 (throw)
call   15 returned 1
call   16 returned 1
call   17 returned 1
call   18 returned 1
call   19 returned 1
    $$$$$:   14-block  3
    $$$$$:   14-block  4
    $$$$$:   14-block  5
    $$$$$:   14-block  6
    $$$$$:   14-block  7
    $$$$$:   14-block  8
    $$$$$:   14-block  9
    $$$$$:   14-block 10
    $$$$$:   14-block 11
        2:   15:    Tutorial t2("Angulars", "Car Game in C++ ", 3, 20, 23, "https://www.youtube.com/watch?v=X4LyyvGLABg" );
call    0 returned 1
call    1 returned 1
branch  2 taken 1 (fallthrough)
branch  3 taken 0 (throw)
        1:   15-block  0
call    4 returned 1
call    5 returned 1
branch  6 taken 1 (fallthrough)
branch  7 taken 0 (throw)
        1:   15-block  1
call    8 returned 1
call    9 returned 1
branch 10 taken 1 (fallthrough)
branch 11 taken 0 (throw)
        1:   15-block  2
call   12 returned 1
branch 13 taken 1 (fallthrough)
branch 14 taken 0 (throw)
call   15 returned 1
call   16 returned 1
call   17 returned 1
call   18 returned 1
call   19 returned 1
    $$$$$:   15-block  3
    $$$$$:   15-block  4
    $$$$$:   15-block  5
    $$$$$:   15-block  6
    $$$$$:   15-block  7
    $$$$$:   15-block  8
    $$$$$:   15-block  9
    $$$$$:   15-block 10
    $$$$$:   15-block 11
        2:   16:    Tutorial t3("Fireship", "Let's make 16 games in C++: TETRIS", 4, 52, 13, "https://www.youtube.com/watch?v=zH_omFPqMO4");
call    0 returned 1
call    1 returned 1
branch  2 taken 1 (fallthrough)
branch  3 taken 0 (throw)
        1:   16-block  0
call    4 returned 1
call    5 returned 1
branch  6 taken 1 (fallthrough)
branch  7 taken 0 (throw)
        1:   16-block  1
call    8 returned 1
call    9 returned 1
branch 10 taken 1 (fallthrough)
branch 11 taken 0 (throw)
        1:   16-block  2
call   12 returned 1
branch 13 taken 1 (fallthrough)
branch 14 taken 0 (throw)
call   15 returned 1
call   16 returned 1
call   17 returned 1
call   18 returned 1
call   19 returned 1
    $$$$$:   16-block  3
    $$$$$:   16-block  4
    $$$$$:   16-block  5
    $$$$$:   16-block  6
    $$$$$:   16-block  7
    $$$$$:   16-block  8
    $$$$$:   16-block  9
    $$$$$:   16-block 10
    $$$$$:   16-block 11
        2:   17:    Tutorial t4("Fireship", "C++ Fundamentals", 4, 38, 12, "https://www.youtube.com/watch?v=Rub-JsjMhWY");
call    0 returned 1
call    1 returned 1
branch  2 taken 1 (fallthrough)
branch  3 taken 0 (throw)
        1:   17-block  0
call    4 returned 1
call    5 returned 1
branch  6 taken 1 (fallthrough)
branch  7 taken 0 (throw)
        1:   17-block  1
call    8 returned 1
call    9 returned 1
branch 10 taken 1 (fallthrough)
branch 11 taken 0 (throw)
        1:   17-block  2
call   12 returned 1
branch 13 taken 1 (fallthrough)
branch 14 taken 0 (throw)
call   15 returned 1
call   16 returned 1
call   17 returned 1
call   18 returned 1
call   19 returned 1
    $$$$$:   17-block  3
    $$$$$:   17-block  4
    $$$$$:   17-block  5
    $$$$$:   17-block  6
    $$$$$:   17-block  7
    $$$$$:   17-block  8
    $$$$$:   17-block  9
    $$$$$:   17-block 10
    $$$$$:   17-block 11
        2:   18:    Tutorial t5("Programming with Mosh", "C++ Tutorial for Beginners", 2, 51, 23, "https://www.youtube.com/watch?v=vLnPwxZdW4Y");
call    0 returned 1
call    1 returned 1
branch  2 taken 1 (fallthrough)
branch  3 taken 0 (throw)
        1:   18-block  0
call    4 returned 1
call    5 returned 1
branch  6 taken 1 (fallthrough)
branch  7 taken 0 (throw)
        1:   18-block  1
call    8 returned 1
call    9 returned 1
branch 10 taken 1 (fallthrough)
branch 11 taken 0 (throw)
        1:   18-block  2
call   12 returned 1
branch 13 taken 1 (fallthrough)
branch 14 taken 0 (throw)
call   15 returned 1
call   16 returned 1
call   17 returned 1
call   18 returned 1
call   19 returned 1
    $$$$$:   18-block  3
    $$$$$:   18-block  4
    $$$$$:   18-block  5
    $$$$$:   18-block  6
    $$$$$:   18-block  7
    $$$$$:   18-block  8
    $$$$$:   18-block  9
    $$$$$:   18-block 10
    $$$$$:   18-block 11
        2:   19:    Tutorial t6("CodeBeauty", "C++ Tutorial for Beginners", 3, 25, 45, "https://www.youtube.com/watch?v=_bYFu9mBnr4");
call    0 returned 1
call    1 returned 1
branch  2 taken 1 (fallthrough)
branch  3 taken 0 (throw)
        1:   19-block  0
call    4 returned 1
call    5 returned 1
branch  6 taken 1 (fallthrough)
branch  7 taken 0 (throw)
        1:   19-block  1
call    8 returned 1
call    9 returned 1
branch 10 taken 1 (fallthrough)
branch 11 taken 0 (throw)
        1:   19-block  2
call   12 returned 1
branch 13 taken 1 (fallthrough)
branch 14 taken 0 (throw)
call   15 returned 1
call   16 returned 1
call   17 returned 1
call   18 returned 1
call   19 returned 1
    $$$$$:   19-block  3
    $$$$$:   19-block  4
    $$$$$:   19-block  5
    $$$$$:   19-block  6
    $$$$$:   19-block  7
    $$$$$:   19-block  8
    $$$$$:   19-block  9
    $$$$$:   19-block 10
    $$$$$:   19-block 11
        2:   20:    Tutorial t7("freeCodeCamp.org", "C++ Full Course for Beginners", 10, 43, 21, "https://www.youtube.com/watch?v=aG-1IRwYWqU");
call    0 returned 1
call    1 returned 1
branch  2 taken 1 (fallthrough)
branch  3 taken 0 (throw)
        1:   20-block  0
call    4 returned 1
call    5 returned 1
branch  6 taken 1 (fallthrough)
branch  7 taken 0 (throw)
        1:   20-block  1
call    8 returned 1
call    9 returned 1
branch 10 taken 1 (fallthrough)
branch 11 taken 0 (throw)
        1:   20-block  2
call   12 returned 1
branch 13 taken 1 (fallthrough)
branch 14 taken 0 (throw)
call   15 returned 1
call   16 returned 1
call   17 returned 1
call   18 returned 1
call   19 returned 1
    $$$$$:   20-block  3
    $$$$$:   20-block  4
    $$$$$:   20-block  5
    $$$$$:   20-block  6
    $$$$$:   20-block  7
    $$$$$:   20-block  8
    $$$$$:   20-block  9
    $$$$$:   20-block 10
    $$$$$:   20-block 11
        2:   21:    Tutorial t8("Derek Banas", "C++ Tutorial", 1, 28, 3, "https://www.youtube.com/watch?v=8V0EJjyDM44");
call    0 returned 1
call    1 returned 1
branch  2 taken 1 (fallthrough)
branch  3 taken 0 (throw)
        1:   21-block  0
call    4 returned 1
call    5 returned 1
branch  6 taken 1 (fallthrough)
branch  7 taken 0 (throw)
        1:   21-block  1
call    8 returned 1
call    9 returned 1
branch 10 taken 1 (fallthrough)
branch 11 taken 0 (throw)
        1:   21-block  2
call   12 returned 1
branch 13 taken 1 (fallthrough)
branch 14 taken 0 (throw)
call   15 returned 1
call   16 returned 1
call   17 returned 1
call   18 returned 1
call   19 returned 1
    $$$$$:   21-block  3
    $$$$$:   21-block  4
    $$$$$:   21-block  5
    $$$$$:   21-block  6
    $$$$$:   21-block  7
    $$$$$:   21-block  8
    $$$$$:   21-block  9
    $$$$$:   21-block 10
    $$$$$:   21-block 11
        2:   22:    Tutorial t9("ProgrammingKnowledge", "C++ Programming Tutorial", 5, 16, 45, "https://www.youtube.com/watch?v=zQb4C0DOQKs");
call    0 returned 1
call    1 returned 1
branch  2 taken 1 (fallthrough)
branch  3 taken 0 (throw)
        1:   22-block  0
call    4 returned 1
call    5 returned 1
branch  6 taken 1 (fallthrough)
branch  7 taken 0 (throw)
        1:   22-block  1
call    8 returned 1
call    9 returned 1
branch 10 taken 1 (fallthrough)
branch 11 taken 0 (throw)
        1:   22-block  2
call   12 returned 1
branch 13 taken 1 (fallthrough)
branch 14 taken 0 (throw)
call   15 returned 1
call   16 returned 1
call   17 returned 1
call   18 returned 1
call   19 returned 1
    $$$$$:   22-block  3
    $$$$$:   22-block  4
    $$$$$:   22-block  5
    $$$$$:   22-block  6
    $$$$$:   22-block  7
    $$$$$:   22-block  8
    $$$$$:   22-block  9
    $$$$$:   22-block 10
    $$$$$:   22-block 11
        2:   23:    Tutorial t10("Bucky Roberts", "C++", 98, 4, 12, "https://www.youtube.com/watch?v=2LyzBoHo5EI&list=PLAE85DE8440AA6B83");
call    0 returned 1
call    1 returned 1
branch  2 taken 1 (fallthrough)
branch  3 taken 0 (throw)
        1:   23-block  0
call    4 returned 1
call    5 returned 1
branch  6 taken 1 (fallthrough)
branch  7 taken 0 (throw)
        1:   23-block  1
call    8 returned 1
call    9 returned 1
branch 10 taken 1 (fallthrough)
branch 11 taken 0 (throw)
        1:   23-block  2
call   12 returned 1
branch 13 taken 1 (fallthrough)
branch 14 taken 0 (throw)
call   15 returned 1
call   16 returned 1
call   17 returned 1
call   18 returned 1
call   19 returned 1
    $$$$$:   23-block  3
    $$$$$:   23-block  4
    $$$$$:   23-block  5
    $$$$$:   23-block  6
    $$$$$:   23-block  7
    $$$$$:   23-block  8
    $$$$$:   23-block  9
    $$$$$:   23-block 10
    $$$$$:   23-block 11
        1:   24:    service.add_repository(t1);
call    0 returned 1
branch  1 taken 1 (fallthrough)
branch  2 taken 0 (throw)
        1:   25:    repo.add(t2);
        1:   25-block  0
call    0 returned 1
branch  1 taken 1 (fallthrough)
branch  2 taken 0 (throw)
        1:   26:    repo.add(t3);
        1:   26-block  0
call    0 returned 1
branch  1 taken 1 (fallthrough)
branch  2 taken 0 (throw)
        1:   27:    repo.add(t4);
        1:   27-block  0
call    0 returned 1
branch  1 taken 1 (fallthrough)
branch  2 taken 0 (throw)
        1:   28:    repo.add(t5);
        1:   28-block  0
call    0 returned 1
branch  1 taken 1 (fallthrough)
branch  2 taken 0 (throw)
        1:   29:    repo.add(t6);
        1:   29-block  0
call    0 returned 1
branch  1 taken 1 (fallthrough)
branch  2 taken 0 (throw)
        1:   30:    repo.add(t7);
        1:   30-block  0
call    0 returned 1
branch  1 taken 1 (fallthrough)
branch  2 taken 0 (throw)
        1:   31:    repo.add(t8);
        1:   31-block  0
call    0 returned 1
branch  1 taken 1 (fallthrough)
branch  2 taken 0 (throw)
        1:   32:    repo.add(t9);
        1:   32-block  0
call    0 returned 1
branch  1 taken 1 (fallthrough)
branch  2 taken 0 (throw)
        1:   33:    repo.add(t10);
        1:   33-block  0
call    0 returned 1
branch  1 taken 1 (fallthrough)
branch  2 taken 0 (throw)
       1*:   34:    assert(service.Repo().getLength() == 10);
        1:   34-block  0
call    0 returned 1
call    1 returned 1
branch  2 taken 0 (fallthrough)
branch  3 taken 1
    %%%%%:   34-block  1
call    4 never executed
branch  5 never executed
branch  6 never executed
        1:   34-block  2
    %%%%%:   34-block  3
       1*:   35:    assert(service.getRepo(0).getPresenter() == "Fireship");
        1:   35-block  0
call    0 returned 1
branch  1 taken 1 (fallthrough)
branch  2 taken 0 (throw)
        1:   35-block  1
call    3 returned 1
branch  4 taken 1 (fallthrough)
branch  5 taken 0 (throw)
        1:   35-block  2
call    6 returned 1
branch  7 taken 0 (fallthrough)
branch  8 taken 1
    %%%%%:   35-block  3
call    9 never executed
branch 10 never executed
branch 11 never executed
        1:   35-block  4
    %%%%%:   35-block  5
        1:   35-block  6
branch 12 taken 1 (fallthrough)
branch 13 taken 0
        1:   35-block  7
call   14 returned 1
        1:   35-block  8
branch 15 taken 1 (fallthrough)
branch 16 taken 0
        1:   35-block  9
call   17 returned 1
    $$$$$:   35-block 10
branch 18 never executed
branch 19 never executed
    $$$$$:   35-block 11
call   20 never executed
    $$$$$:   35-block 12
    $$$$$:   35-block 13
branch 21 never executed
branch 22 never executed
    $$$$$:   35-block 14
call   23 never executed
    $$$$$:   35-block 15
        1:   36:    service.update_repository(0, "asfa",  "b", 3, 2, 1, "d");
        1:   36-block  0
call    0 returned 1
call    1 returned 1
branch  2 taken 1 (fallthrough)
branch  3 taken 0 (throw)
        1:   36-block  1
call    4 returned 1
call    5 returned 1
branch  6 taken 1 (fallthrough)
branch  7 taken 0 (throw)
        1:   36-block  2
call    8 returned 1
call    9 returned 1
branch 10 taken 1 (fallthrough)
branch 11 taken 0 (throw)
        1:   36-block  3
call   12 returned 1
branch 13 taken 1 (fallthrough)
branch 14 taken 0 (throw)
        1:   36-block  4
call   15 returned 1
call   16 returned 1
call   17 returned 1
call   18 returned 1
call   19 returned 1
call   20 returned 1
    $$$$$:   36-block  5
call   21 never executed
    $$$$$:   36-block  6
    $$$$$:   36-block  7
call   22 never executed
    $$$$$:   36-block  8
    $$$$$:   36-block  9
call   23 never executed
    $$$$$:   36-block 10
    $$$$$:   36-block 11
call   24 never executed
    $$$$$:   36-block 12
    $$$$$:   36-block 13
call   25 never executed
    $$$$$:   36-block 14
    $$$$$:   36-block 15
call   26 never executed
    $$$$$:   36-block 16
       1*:   37:    assert(repo[0].getPresenter() == "asfa");
call    0 returned 1
call    1 returned 1
branch  2 taken 1 (fallthrough)
branch  3 taken 0 (throw)
        1:   37-block  0
call    4 returned 1
branch  5 taken 0 (fallthrough)
branch  6 taken 1
    %%%%%:   37-block  1
call    7 never executed
branch  8 never executed
branch  9 never executed
        1:   37-block  2
    %%%%%:   37-block  3
        1:   37-block  4
branch 10 taken 1 (fallthrough)
branch 11 taken 0
        1:   37-block  5
call   12 returned 1
    $$$$$:   37-block  6
branch 13 never executed
branch 14 never executed
    $$$$$:   37-block  7
call   15 never executed
    $$$$$:   37-block  8
        1:   38:    service.add_watchlist(t1);
        1:   38-block  0
call    0 returned 1
branch  1 taken 1 (fallthrough)
branch  2 taken 0 (throw)
       1*:   39:    assert(service.getWLength()==1);
        1:   39-block  0
call    0 returned 1
branch  1 taken 0 (fallthrough)
branch  2 taken 1
    %%%%%:   39-block  1
call    3 never executed
branch  4 never executed
branch  5 never executed
        1:   39-block  2
    %%%%%:   39-block  3
       1*:   40:    assert(service.getWatchlist(0).getPresenter() == "Fireship");
        1:   40-block  0
call    0 returned 1
branch  1 taken 1 (fallthrough)
branch  2 taken 0 (throw)
        1:   40-block  1
call    3 returned 1
branch  4 taken 1 (fallthrough)
branch  5 taken 0 (throw)
        1:   40-block  2
call    6 returned 1
branch  7 taken 0 (fallthrough)
branch  8 taken 1
    %%%%%:   40-block  3
call    9 never executed
branch 10 never executed
branch 11 never executed
        1:   40-block  4
    %%%%%:   40-block  5
        1:   40-block  6
branch 12 taken 1 (fallthrough)
branch 13 taken 0
        1:   40-block  7
call   14 returned 1
        1:   40-block  8
branch 15 taken 1 (fallthrough)
branch 16 taken 0
        1:   40-block  9
call   17 returned 1
    $$$$$:   40-block 10
branch 18 never executed
branch 19 never executed
    $$$$$:   40-block 11
call   20 never executed
    $$$$$:   40-block 12
    $$$$$:   40-block 13
branch 21 never executed
branch 22 never executed
    $$$$$:   40-block 14
call   23 never executed
    $$$$$:   40-block 15
        1:   41:    service.remove_watchlist(0);
        1:   41-block  0
call    0 returned 1
branch  1 taken 1 (fallthrough)
branch  2 taken 0 (throw)
       1*:   42:    assert(service.getWLength()==0);
        1:   42-block  0
call    0 returned 1
branch  1 taken 0 (fallthrough)
branch  2 taken 1
    %%%%%:   42-block  1
call    3 never executed
branch  4 never executed
branch  5 never executed
        1:   42-block  2
    %%%%%:   42-block  3
        1:   43:    service.remove_repository(9);
        1:   43-block  0
call    0 returned 1
branch  1 taken 1 (fallthrough)
branch  2 taken 0 (throw)
       1*:   44:    assert(service.Repo().getLength() == 9);
        1:   44-block  0
call    0 returned 1
call    1 returned 1
branch  2 taken 0 (fallthrough)
branch  3 taken 1
    %%%%%:   44-block  1
call    4 never executed
branch  5 never executed
branch  6 never executed
        1:   44-block  2
    %%%%%:   44-block  3
        -:   45:    try
        -:   46:    {
        1:   47:        service.remove_repository(10);}
        1:   47-block  0
call    0 returned 1
branch  1 taken 0 (fallthrough)
branch  2 taken 1 (throw)
        1:   48:    catch(MyException& e)
        1:   48-block  0
branch  0 taken 0 (fallthrough)
branch  1 taken 1
        1:   48-block  1
call    2 returned 1
        1:   49:    {assert(service.isLink("abcd") == 0);}
call    0 returned 1
call    1 returned 1
branch  2 taken 1 (fallthrough)
branch  3 taken 0 (throw)
        1:   49-block  0
call    4 returned 1
branch  5 taken 1 (fallthrough)
branch  6 taken 0 (throw)
        1:   49-block  1
branch  7 taken 0 (fallthrough)
branch  8 taken 1
    $$$$$:   49-block  2
call    9 never executed
branch 10 never executed
branch 11 never executed
        1:   49-block  3
    $$$$$:   49-block  4
        1:   49-block  5
branch 12 taken 1 (fallthrough)
branch 13 taken 0
        1:   49-block  6
call   14 returned 1
        1:   49-block  7
branch 15 taken 1 (fallthrough)
branch 16 taken 0
        1:   49-block  8
call   17 returned 1
        1:   49-block  9
call   18 returned 1
branch 19 taken 1 (fallthrough)
branch 20 taken 0 (throw)
    $$$$$:   49-block 10
branch 21 never executed
branch 22 never executed
    $$$$$:   49-block 11
call   23 never executed
    $$$$$:   49-block 12
    $$$$$:   49-block 13
branch 24 never executed
branch 25 never executed
    $$$$$:   49-block 14
call   26 never executed
    $$$$$:   49-block 15
    $$$$$:   49-block 16
call   27 never executed
        -:   50:    try {
        1:   51:        service.add_watchlist(t1);
        1:   51-block  0
call    0 returned 1
branch  1 taken 1 (fallthrough)
branch  2 taken 0 (throw)
        1:   52:        service.add_watchlist(t1);
        1:   52-block  0
call    0 returned 1
branch  1 taken 0 (fallthrough)
branch  2 taken 1 (throw)
        -:   53:    }
        1:   54:    catch(MyException& e)
        1:   54-block  0
branch  0 taken 0 (fallthrough)
branch  1 taken 1
        1:   54-block  1
call    2 returned 1
        -:   55:    {
        1:   56:        service.like(0);
call    0 returned 1
        1:   57:    }
call    0 returned 1
branch  1 taken 1 (fallthrough)
branch  2 taken 0 (throw)
       1*:   58:    assert(service.Repo()[0].getLikes() == 2);
        1:   58-block  0
call    0 returned 1
call    1 returned 1
call    2 returned 1
branch  3 taken 0 (fallthrough)
branch  4 taken 1
    %%%%%:   58-block  1
call    5 never executed
branch  6 never executed
branch  7 never executed
        1:   58-block  2
    %%%%%:   58-block  3
        -:   59:    try
        -:   60:    {
        1:   61:        service.add_repository(t1);
        1:   61-block  0
call    0 returned 1
branch  1 taken 1 (fallthrough)
branch  2 taken 0 (throw)
        1:   62:        service.add_repository(t1);}
        1:   62-block  0
call    0 returned 1
branch  1 taken 0 (fallthrough)
branch  2 taken 1 (throw)
        1:   63:    catch(MyException& e)
        1:   63-block  0
branch  0 taken 0 (fallthrough)
branch  1 taken 1
        1:   63-block  1
call    2 returned 1
        1:   64:    {assert(service.isNumber("abcd") == 0);}
call    0 returned 1
call    1 returned 1
branch  2 taken 1 (fallthrough)
branch  3 taken 0 (throw)
        1:   64-block  0
call    4 returned 1
branch  5 taken 1 (fallthrough)
branch  6 taken 0 (throw)
        1:   64-block  1
branch  7 taken 0 (fallthrough)
branch  8 taken 1
    $$$$$:   64-block  2
call    9 never executed
branch 10 never executed
branch 11 never executed
        1:   64-block  3
    $$$$$:   64-block  4
        1:   64-block  5
branch 12 taken 1 (fallthrough)
branch 13 taken 0
        1:   64-block  6
call   14 returned 1
        1:   64-block  7
branch 15 taken 1 (fallthrough)
branch 16 taken 0
        1:   64-block  8
call   17 returned 1
        1:   64-block  9
call   18 returned 1
branch 19 taken 1 (fallthrough)
branch 20 taken 0 (throw)
    $$$$$:   64-block 10
branch 21 never executed
branch 22 never executed
    $$$$$:   64-block 11
call   23 never executed
    $$$$$:   64-block 12
    $$$$$:   64-block 13
branch 24 never executed
branch 25 never executed
    $$$$$:   64-block 14
call   26 never executed
    $$$$$:   64-block 15
    $$$$$:   64-block 16
call   27 never executed
        -:   65:    try
        -:   66:    {
        1:   67:        service.remove_watchlist(1);}
        1:   67-block  0
call    0 returned 1
branch  1 taken 0 (fallthrough)
branch  2 taken 1 (throw)
        1:   68:    catch(MyException& e)
        1:   68-block  0
branch  0 taken 0 (fallthrough)
branch  1 taken 1
        1:   68-block  1
call    2 returned 1
        -:   69:    {
        1:   70:        assert(strcmp(e.what(), "Invalid index") == 0);
call    0 returned 1
branch  1 taken 0 (fallthrough)
branch  2 taken 1
    $$$$$:   70-block  0
call    3 never executed
branch  4 never executed
branch  5 never executed
        1:   70-block  1
    $$$$$:   70-block  2
        1:   71:    }
        1:   71-block  0
call    0 returned 1
branch  1 taken 1 (fallthrough)
branch  2 taken 0 (throw)
    $$$$$:   71-block  1
call    3 never executed
        1:   72:    repo[1].Watch();
        1:   72-block  0
call    0 returned 1
call    1 returned 1
branch  2 taken 1 (fallthrough)
branch  3 taken 0 (throw)
        -:   73:
        -:   74:
        -:   75:
        1:   76:}
        1:   76-block  0
call    0 returned 1
call    1 returned 1
call    2 returned 1
call    3 returned 1
call    4 returned 1
call    5 returned 1
call    6 returned 1
call    7 returned 1
call    8 returned 1
call    9 returned 1
call   10 returned 1
call   11 returned 1
    $$$$$:   76-block  1
call   12 never executed
    $$$$$:   76-block  2
call   13 never executed
    $$$$$:   76-block  3
call   14 never executed
    $$$$$:   76-block  4
call   15 never executed
    $$$$$:   76-block  5
call   16 never executed
    $$$$$:   76-block  6
call   17 never executed
    $$$$$:   76-block  7
call   18 never executed
    $$$$$:   76-block  8
call   19 never executed
    $$$$$:   76-block  9
call   20 never executed
    $$$$$:   76-block 10
call   21 never executed
    $$$$$:   76-block 11
call   22 never executed
    $$$$$:   76-block 12
call   23 never executed
        -:   77:
        -:   78:#endif //A45_NORBYINFOGOD_TEST_H
