        -:    0:Source:C:/Users/norby/Desktop/FACULTATE/SEM 2/OOP/a6-NorbyInfoGod-1/tutorial.h
        -:    0:Graph:C:\Users\norby\Desktop\FACULTATE\SEM 2\OOP\a6-NorbyInfoGod-1\cmake-build-debug-coverage\CMakeFiles\a6_NorbyInfoGod_1.dir\main.cpp.gcno
        -:    0:Data:C:\Users\norby\Desktop\FACULTATE\SEM 2\OOP\a6-NorbyInfoGod-1\cmake-build-debug-coverage\CMakeFiles\a6_NorbyInfoGod_1.dir\main.cpp.gcda
        -:    0:Runs:1
        -:    1://
        -:    2:// Created by norby on 4/25/2023.
        -:    3://
        -:    4:
        -:    5:#ifndef A6_NORBYINFOGOD_1_TUTORIAL_H
        -:    6:#define A6_NORBYINFOGOD_1_TUTORIAL_H
        -:    7:using namespace std;
        -:    8:
        -:    9:#include <iostream>
        -:   10:#include <windows.h>
        -:   11:#include <shellapi.h>
        -:   12:#include <regex>
        -:   13:#include <string>
        -:   14:class Tutorial {
        -:   15:
        -:   16:private:
        -:   17:    int minutes{}, seconds{}, likes{};
        -:   18:    std::string title, presenter, link;
        -:   19:
        -:   20:public:
function _ZN8TutorialC1Ev called 0 returned 0% blocks executed 0%
    #####:   21:    Tutorial() = default;
    %%%%%:   21-block  0
call    0 never executed
call    1 never executed
call    2 never executed
        -:   22:
function _ZN8TutorialC1ERKS_ called 55 returned 100% blocks executed 62%
       55:   23:    Tutorial(const Tutorial& t)
       55:   24:    {
       55:   24-block  0
call    0 returned 55
call    1 returned 55
call    2 returned 55
       55:   25:        this->title = t.title;
call    0 returned 55
branch  1 taken 55 (fallthrough)
branch  2 taken 0 (throw)
       55:   26:        this->presenter = t.presenter;
       55:   26-block  0
call    0 returned 55
branch  1 taken 55 (fallthrough)
branch  2 taken 0 (throw)
       55:   27:        this->link = t.link;
       55:   27-block  0
call    0 returned 55
branch  1 taken 55 (fallthrough)
branch  2 taken 0 (throw)
       55:   28:        this->minutes = t.minutes;
       55:   29:        this->seconds = t.seconds;
       55:   30:        this->likes = t.likes;
       55:   31:    }
       55:   31-block  0
    $$$$$:   31-block  1
call    0 never executed
    $$$$$:   31-block  2
call    1 never executed
    $$$$$:   31-block  3
call    2 never executed
        -:   32:
function _ZN8TutorialC1ERKNSt7__cxx1112basic_stringIcSt11char_traitsIcESaIcEEES7_RKiS9_S9_S7_ called 20 returned 100% blocks executed 62%
       20:   33:    Tutorial(const std::string &presenter,const std::string &title, const int &minutes,const int &seconds, const int &likes, const std::string &link)
       20:   34:    {
       20:   34-block  0
call    0 returned 20
call    1 returned 20
call    2 returned 20
       20:   35:        this->title = title;
call    0 returned 20
branch  1 taken 20 (fallthrough)
branch  2 taken 0 (throw)
       20:   36:        this->presenter = presenter;
       20:   36-block  0
call    0 returned 20
branch  1 taken 20 (fallthrough)
branch  2 taken 0 (throw)
       20:   37:        this->link = link;
       20:   37-block  0
call    0 returned 20
branch  1 taken 20 (fallthrough)
branch  2 taken 0 (throw)
       20:   38:        this->minutes = minutes;
       20:   39:        this->seconds = seconds;
       20:   40:        this->likes = likes;
       20:   41:    }
       20:   41-block  0
    $$$$$:   41-block  1
call    0 never executed
    $$$$$:   41-block  2
call    1 never executed
    $$$$$:   41-block  3
call    2 never executed
        -:   42:
function _ZNK8Tutorial12getPresenterB5cxx11Ev called 3 returned 100% blocks executed 100%
        3:   43:    std::string getPresenter() const {return presenter;}
        3:   43-block  0
call    0 returned 3
function _ZNK8Tutorial7getLinkB5cxx11Ev called 41 returned 100% blocks executed 100%
       41:   44:    std::string getLink() const {return link;}
       41:   44-block  0
call    0 returned 41
        -:   45:
function _ZNK8Tutorial8getLikesEv called 1 returned 100% blocks executed 100%
        1:   46:    int getLikes() const {return likes;}
        1:   46-block  0
function _ZN8Tutorial4LikeEv called 1 returned 100% blocks executed 100%
        1:   47:    void Like()
        -:   48:    {
        1:   49:        likes++;
        1:   50:    }
function _ZN8Tutorial8setTitleERKNSt7__cxx1112basic_stringIcSt11char_traitsIcESaIcEEE called 1 returned 100% blocks executed 100%
        1:   51:    void setTitle(const std::string& new_title) {title = new_title;}
        1:   51-block  0
call    0 returned 1
function _ZN8Tutorial12setPresenterERKNSt7__cxx1112basic_stringIcSt11char_traitsIcESaIcEEE called 1 returned 100% blocks executed 100%
        1:   52:    void setPresenter(const std::string& new_presenter) {presenter = new_presenter;}
        1:   52-block  0
call    0 returned 1
function _ZN8Tutorial7setLinkERKNSt7__cxx1112basic_stringIcSt11char_traitsIcESaIcEEE called 1 returned 100% blocks executed 100%
        1:   53:    void setLink(const std::string& new_link) {link = new_link;}
        1:   53-block  0
call    0 returned 1
        -:   54:
function _ZN8Tutorial10setMinutesERKi called 1 returned 100% blocks executed 100%
        1:   55:    void setMinutes(const int& new_minutes) {minutes = new_minutes;}
function _ZN8Tutorial10setSecondsERKi called 1 returned 100% blocks executed 100%
        1:   56:    void setSeconds(const int& new_seconds) {seconds = new_seconds;}
function _ZN8Tutorial8setLikesERKi called 1 returned 100% blocks executed 100%
        1:   57:    void setLikes(const int& new_likes) {likes = new_likes;}
        -:   58:
function _ZNK8Tutorial5WatchEv called 1 returned 100% blocks executed 75%
        1:   59:    void Watch() const
        -:   60:    {
        1:   61:        ShellExecuteA(NULL, NULL, "chrome.exe", this->getLink().c_str(), NULL, SW_SHOWMAXIMIZED);
        1:   61-block  0
call    0 returned 1
call    1 returned 1
call    2 returned 1
branch  3 taken 1 (fallthrough)
branch  4 taken 0 (throw)
        1:   61-block  1
call    5 returned 1
    $$$$$:   61-block  2
call    6 never executed
        1:   62:    }
        -:   63:
function _ZNK8Tutorial8toStringB5cxx11Ev called 0 returned 0% blocks executed 0%
    #####:   64:    std::string toString() const
        -:   65:    {
    #####:   66:        return this->presenter + " - " + this->title + ", duration: " + std::to_string(this->minutes) + ":" + std::to_string(this->seconds) + ", " + std::to_string(this->likes) +", " + this->link + "\n";
    %%%%%:   66-block  0
call    0 never executed
call    1 never executed
branch  2 never executed
branch  3 never executed
    %%%%%:   66-block  1
call    4 never executed
branch  5 never executed
branch  6 never executed
    %%%%%:   66-block  2
call    7 never executed
branch  8 never executed
branch  9 never executed
    %%%%%:   66-block  3
call   10 never executed
branch 11 never executed
branch 12 never executed
    %%%%%:   66-block  4
call   13 never executed
branch 14 never executed
branch 15 never executed
    %%%%%:   66-block  5
call   16 never executed
branch 17 never executed
branch 18 never executed
    %%%%%:   66-block  6
call   19 never executed
branch 20 never executed
branch 21 never executed
    %%%%%:   66-block  7
call   22 never executed
branch 23 never executed
branch 24 never executed
    %%%%%:   66-block  8
call   25 never executed
branch 26 never executed
branch 27 never executed
    %%%%%:   66-block  9
call   28 never executed
branch 29 never executed
branch 30 never executed
    %%%%%:   66-block 10
call   31 never executed
branch 32 never executed
branch 33 never executed
    %%%%%:   66-block 11
call   34 never executed
branch 35 never executed
branch 36 never executed
    %%%%%:   66-block 12
call   37 never executed
branch 38 never executed
branch 39 never executed
    %%%%%:   66-block 13
call   40 never executed
call   41 never executed
call   42 never executed
call   43 never executed
call   44 never executed
call   45 never executed
call   46 never executed
call   47 never executed
call   48 never executed
call   49 never executed
call   50 never executed
call   51 never executed
call   52 never executed
    %%%%%:   66-block 14
    $$$$$:   66-block 15
call   53 never executed
    $$$$$:   66-block 16
    $$$$$:   66-block 17
call   54 never executed
    $$$$$:   66-block 18
    $$$$$:   66-block 19
call   55 never executed
    $$$$$:   66-block 20
    $$$$$:   66-block 21
call   56 never executed
    $$$$$:   66-block 22
    $$$$$:   66-block 23
call   57 never executed
    $$$$$:   66-block 24
    $$$$$:   66-block 25
call   58 never executed
    $$$$$:   66-block 26
    $$$$$:   66-block 27
call   59 never executed
    $$$$$:   66-block 28
    $$$$$:   66-block 29
call   60 never executed
    $$$$$:   66-block 30
    $$$$$:   66-block 31
call   61 never executed
    $$$$$:   66-block 32
    $$$$$:   66-block 33
call   62 never executed
    $$$$$:   66-block 34
    $$$$$:   66-block 35
call   63 never executed
    $$$$$:   66-block 36
    $$$$$:   66-block 37
call   64 never executed
    $$$$$:   66-block 38
    $$$$$:   66-block 39
call   65 never executed
        -:   67:    }
        -:   68:};
        -:   69:
        -:   70:
        -:   71:#endif //A6_NORBYINFOGOD_1_TUTORIAL_H
