        -:    0:Source:C:/PROGRA~1/JETBRA~1/CLION2~1.3/bin/mingw/lib/gcc/x86_64-w64-mingw32/11.2.0/include/c++/bits/stl_construct.h
        -:    0:Graph:C:\Users\norby\Desktop\FACULTATE\SEM 2\OOP\a6-NorbyInfoGod-1\cmake-build-debug-coverage\CMakeFiles\a6_NorbyInfoGod_1.dir\main.cpp.gcno
        -:    0:Data:C:\Users\norby\Desktop\FACULTATE\SEM 2\OOP\a6-NorbyInfoGod-1\cmake-build-debug-coverage\CMakeFiles\a6_NorbyInfoGod_1.dir\main.cpp.gcda
        -:    0:Runs:1
        -:    1:// nonstandard construct and destroy functions -*- C++ -*-
        -:    2:
        -:    3:// Copyright (C) 2001-2021 Free Software Foundation, Inc.
        -:    4://
        -:    5:// This file is part of the GNU ISO C++ Library.  This library is free
        -:    6:// software; you can redistribute it and/or modify it under the
        -:    7:// terms of the GNU General Public License as published by the
        -:    8:// Free Software Foundation; either version 3, or (at your option)
        -:    9:// any later version.
        -:   10:
        -:   11:// This library is distributed in the hope that it will be useful,
        -:   12:// but WITHOUT ANY WARRANTY; without even the implied warranty of
        -:   13:// MERCHANTABILITY or FITNESS FOR A PARTICULAR PURPOSE.  See the
        -:   14:// GNU General Public License for more details.
        -:   15:
        -:   16:// Under Section 7 of GPL version 3, you are granted additional
        -:   17:// permissions described in the GCC Runtime Library Exception, version
        -:   18:// 3.1, as published by the Free Software Foundation.
        -:   19:
        -:   20:// You should have received a copy of the GNU General Public License and
        -:   21:// a copy of the GCC Runtime Library Exception along with this program;
        -:   22:// see the files COPYING3 and COPYING.RUNTIME respectively.  If not, see
        -:   23:// <http://www.gnu.org/licenses/>.
        -:   24:
        -:   25:/*
        -:   26: *
        -:   27: * Copyright (c) 1994
        -:   28: * Hewlett-Packard Company
        -:   29: *
        -:   30: * Permission to use, copy, modify, distribute and sell this software
        -:   31: * and its documentation for any purpose is hereby granted without fee,
        -:   32: * provided that the above copyright notice appear in all copies and
        -:   33: * that both that copyright notice and this permission notice appear
        -:   34: * in supporting documentation.  Hewlett-Packard Company makes no
        -:   35: * representations about the suitability of this software for any
        -:   36: * purpose.  It is provided "as is" without express or implied warranty.
        -:   37: *
        -:   38: *
        -:   39: * Copyright (c) 1996,1997
        -:   40: * Silicon Graphics Computer Systems, Inc.
        -:   41: *
        -:   42: * Permission to use, copy, modify, distribute and sell this software
        -:   43: * and its documentation for any purpose is hereby granted without fee,
        -:   44: * provided that the above copyright notice appear in all copies and
        -:   45: * that both that copyright notice and this permission notice appear
        -:   46: * in supporting documentation.  Silicon Graphics makes no
        -:   47: * representations about the suitability of this software for any
        -:   48: * purpose.  It is provided "as is" without express or implied warranty.
        -:   49: */
        -:   50:
        -:   51:/** @file bits/stl_construct.h
        -:   52: *  This is an internal header file, included by other library headers.
        -:   53: *  Do not attempt to use it directly. @headername{memory}
        -:   54: */
        -:   55:
        -:   56:#ifndef _STL_CONSTRUCT_H
        -:   57:#define _STL_CONSTRUCT_H 1
        -:   58:
        -:   59:#include <new>
        -:   60:#include <bits/move.h>
        -:   61:#include <bits/stl_iterator_base_types.h> // for iterator_traits
        -:   62:#include <bits/stl_iterator_base_funcs.h> // for advance
        -:   63:
        -:   64:/* This file provides the C++17 functions std::destroy_at, std::destroy, and
        -:   65: * std::destroy_n, and the C++20 function std::construct_at.
        -:   66: * It also provides std::_Construct, std::_Destroy,and std::_Destroy_n functions
        -:   67: * which are defined in all standard modes and so can be used in C++98-14 code.
        -:   68: * The _Destroy functions will dispatch to destroy_at during constant
        -:   69: * evaluation, because calls to that function are intercepted by the compiler
        -:   70: * to allow use in constant expressions.
        -:   71: */
        -:   72:
        -:   73:namespace std _GLIBCXX_VISIBILITY(default)
        -:   74:{
        -:   75:_GLIBCXX_BEGIN_NAMESPACE_VERSION
        -:   76:
        -:   77:#if __cplusplus >= 201703L
        -:   78:  template <typename _Tp>
        -:   79:    _GLIBCXX20_CONSTEXPR inline void
        -:   80:    destroy_at(_Tp* __location)
        -:   81:    {
        -:   82:      if constexpr (__cplusplus > 201703L && is_array_v<_Tp>)
        -:   83:	{
        -:   84:	  for (auto& __x : *__location)
        -:   85:	    std::destroy_at(std::__addressof(__x));
        -:   86:	}
        -:   87:      else
        -:   88:	__location->~_Tp();
        -:   89:    }
        -:   90:
        -:   91:#if __cplusplus > 201703L
        -:   92:  template<typename _Tp, typename... _Args>
        -:   93:    constexpr auto
        -:   94:    construct_at(_Tp* __location, _Args&&... __args)
        -:   95:    noexcept(noexcept(::new((void*)0) _Tp(std::declval<_Args>()...)))
        -:   96:    -> decltype(::new((void*)0) _Tp(std::declval<_Args>()...))
        -:   97:    { return ::new((void*)__location) _Tp(std::forward<_Args>(__args)...); }
        -:   98:#endif // C++20
        -:   99:#endif// C++17
        -:  100:
        -:  101:  /**
        -:  102:   * Constructs an object in existing memory by invoking an allocated
        -:  103:   * object's constructor with an initializer.
        -:  104:   */
        -:  105:#if __cplusplus >= 201103L
        -:  106:  template<typename _Tp, typename... _Args>
        -:  107:    inline void
     163*:  108:    _Construct(_Tp* __p, _Args&&... __args)
     163*:  109:    { ::new(static_cast<void*>(__p)) _Tp(std::forward<_Args>(__args)...); }
------------------
_ZSt10_ConstructISt4pairINSt7__cxx1112basic_stringIcSt11char_traitsIcESaIcEEES6_EJS7_EEvPT_DpOT0_:
function _ZSt10_ConstructISt4pairINSt7__cxx1112basic_stringIcSt11char_traitsIcESaIcEEES6_EJS7_EEvPT_DpOT0_ called 0 returned 0% blocks executed 0%
    #####:  108:    _Construct(_Tp* __p, _Args&&... __args)
    #####:  109:    { ::new(static_cast<void*>(__p)) _Tp(std::forward<_Args>(__args)...); }
    %%%%%:  109-block  0
call    0 never executed
call    1 never executed
call    2 never executed
------------------
_ZSt10_ConstructISt4pairIccEJS1_EEvPT_DpOT0_:
function _ZSt10_ConstructISt4pairIccEJS1_EEvPT_DpOT0_ called 0 returned 0% blocks executed 0%
    #####:  108:    _Construct(_Tp* __p, _Args&&... __args)
    #####:  109:    { ::new(static_cast<void*>(__p)) _Tp(std::forward<_Args>(__args)...); }
    %%%%%:  109-block  0
call    0 never executed
call    1 never executed
------------------
_ZSt10_ConstructINSt7__cxx1112basic_stringIcSt11char_traitsIcESaIcEEEJS5_EEvPT_DpOT0_:
function _ZSt10_ConstructINSt7__cxx1112basic_stringIcSt11char_traitsIcESaIcEEEJS5_EEvPT_DpOT0_ called 0 returned 0% blocks executed 0%
    #####:  108:    _Construct(_Tp* __p, _Args&&... __args)
    #####:  109:    { ::new(static_cast<void*>(__p)) _Tp(std::forward<_Args>(__args)...); }
    %%%%%:  109-block  0
call    0 never executed
call    1 never executed
call    2 never executed
------------------
_ZSt10_ConstructISt4pairINSt7__cxx1112basic_stringIcSt11char_traitsIcESaIcEEES6_EJRKS7_EEvPT_DpOT0_:
function _ZSt10_ConstructISt4pairINSt7__cxx1112basic_stringIcSt11char_traitsIcESaIcEEES6_EJRKS7_EEvPT_DpOT0_ called 0 returned 0% blocks executed 0%
    #####:  108:    _Construct(_Tp* __p, _Args&&... __args)
    #####:  109:    { ::new(static_cast<void*>(__p)) _Tp(std::forward<_Args>(__args)...); }
    %%%%%:  109-block  0
call    0 never executed
call    1 never executed
call    2 never executed
branch  3 never executed
branch  4 never executed
    %%%%%:  109-block  1
    $$$$$:  109-block  2
call    5 never executed
------------------
_ZSt10_ConstructINSt7__cxx1112regex_traitsIcE10_RegexMaskEJRKS3_EEvPT_DpOT0_:
function _ZSt10_ConstructINSt7__cxx1112regex_traitsIcE10_RegexMaskEJRKS3_EEvPT_DpOT0_ called 0 returned 0% blocks executed 0%
    #####:  108:    _Construct(_Tp* __p, _Args&&... __args)
    #####:  109:    { ::new(static_cast<void*>(__p)) _Tp(std::forward<_Args>(__args)...); }
    %%%%%:  109-block  0
call    0 never executed
call    1 never executed
------------------
_ZSt10_ConstructISt4pairIccEJRKS1_EEvPT_DpOT0_:
function _ZSt10_ConstructISt4pairIccEJRKS1_EEvPT_DpOT0_ called 2 returned 100% blocks executed 100%
        2:  108:    _Construct(_Tp* __p, _Args&&... __args)
        2:  109:    { ::new(static_cast<void*>(__p)) _Tp(std::forward<_Args>(__args)...); }
        2:  109-block  0
call    0 returned 2
call    1 returned 2
------------------
_ZSt10_ConstructINSt7__cxx1112basic_stringIcSt11char_traitsIcESaIcEEEJRKS5_EEvPT_DpOT0_:
function _ZSt10_ConstructINSt7__cxx1112basic_stringIcSt11char_traitsIcESaIcEEEJRKS5_EEvPT_DpOT0_ called 0 returned 0% blocks executed 0%
    #####:  108:    _Construct(_Tp* __p, _Args&&... __args)
    #####:  109:    { ::new(static_cast<void*>(__p)) _Tp(std::forward<_Args>(__args)...); }
    %%%%%:  109-block  0
call    0 never executed
call    1 never executed
call    2 never executed
branch  3 never executed
branch  4 never executed
    %%%%%:  109-block  1
    $$$$$:  109-block  2
call    5 never executed
------------------
_ZSt10_ConstructINSt7__cxx1112regex_traitsIcE10_RegexMaskEJS3_EEvPT_DpOT0_:
function _ZSt10_ConstructINSt7__cxx1112regex_traitsIcE10_RegexMaskEJS3_EEvPT_DpOT0_ called 0 returned 0% blocks executed 0%
    #####:  108:    _Construct(_Tp* __p, _Args&&... __args)
    #####:  109:    { ::new(static_cast<void*>(__p)) _Tp(std::forward<_Args>(__args)...); }
    %%%%%:  109-block  0
call    0 never executed
call    1 never executed
------------------
_ZSt10_ConstructISt4pairIlSt6vectorINSt7__cxx119sub_matchIN9__gnu_cxx17__normal_iteratorIPKcNS2_12basic_stringIcSt11char_traitsIcESaIcEEEEEEESaISE_EEEJSH_EEvPT_DpOT0_:
function _ZSt10_ConstructISt4pairIlSt6vectorINSt7__cxx119sub_matchIN9__gnu_cxx17__normal_iteratorIPKcNS2_12basic_stringIcSt11char_traitsIcESaIcEEEEEEESaISE_EEEJSH_EEvPT_DpOT0_ called 0 returned 0% blocks executed 0%
    #####:  108:    _Construct(_Tp* __p, _Args&&... __args)
    #####:  109:    { ::new(static_cast<void*>(__p)) _Tp(std::forward<_Args>(__args)...); }
    %%%%%:  109-block  0
call    0 never executed
call    1 never executed
call    2 never executed
------------------
_ZSt10_ConstructINSt8__detail6_StateIcEEJRKS2_EEvPT_DpOT0_:
function _ZSt10_ConstructINSt8__detail6_StateIcEEJRKS2_EEvPT_DpOT0_ called 70 returned 100% blocks executed 83%
       70:  108:    _Construct(_Tp* __p, _Args&&... __args)
       70:  109:    { ::new(static_cast<void*>(__p)) _Tp(std::forward<_Args>(__args)...); }
       70:  109-block  0
call    0 returned 70
call    1 returned 70
call    2 returned 70
branch  3 taken 70 (fallthrough)
branch  4 taken 0 (throw)
       70:  109-block  1
    $$$$$:  109-block  2
call    5 never executed
------------------
_ZSt10_ConstructINSt7__cxx119sub_matchIN9__gnu_cxx17__normal_iteratorIPKcNS0_12basic_stringIcSt11char_traitsIcESaIcEEEEEEEJRSC_EEvPT_DpOT0_:
function _ZSt10_ConstructINSt7__cxx119sub_matchIN9__gnu_cxx17__normal_iteratorIPKcNS0_12basic_stringIcSt11char_traitsIcESaIcEEEEEEEJRSC_EEvPT_DpOT0_ called 0 returned 0% blocks executed 0%
    #####:  108:    _Construct(_Tp* __p, _Args&&... __args)
    #####:  109:    { ::new(static_cast<void*>(__p)) _Tp(std::forward<_Args>(__args)...); }
    %%%%%:  109-block  0
call    0 never executed
call    1 never executed
------------------
_ZSt10_ConstructISt4pairIN9__gnu_cxx17__normal_iteratorIPKcNSt7__cxx1112basic_stringIcSt11char_traitsIcESaIcEEEEEiEJEEvPT_DpOT0_:
function _ZSt10_ConstructISt4pairIN9__gnu_cxx17__normal_iteratorIPKcNSt7__cxx1112basic_stringIcSt11char_traitsIcESaIcEEEEEiEJEEvPT_DpOT0_ called 45 returned 100% blocks executed 100%
       45:  108:    _Construct(_Tp* __p, _Args&&... __args)
       45:  109:    { ::new(static_cast<void*>(__p)) _Tp(std::forward<_Args>(__args)...); }
       45:  109-block  0
call    0 returned 45
------------------
_ZSt10_ConstructINSt7__cxx119sub_matchIN9__gnu_cxx17__normal_iteratorIPKcNS0_12basic_stringIcSt11char_traitsIcESaIcEEEEEEEJRKSC_EEvPT_DpOT0_:
function _ZSt10_ConstructINSt7__cxx119sub_matchIN9__gnu_cxx17__normal_iteratorIPKcNS0_12basic_stringIcSt11char_traitsIcESaIcEEEEEEEJRKSC_EEvPT_DpOT0_ called 16 returned 100% blocks executed 100%
       16:  108:    _Construct(_Tp* __p, _Args&&... __args)
       16:  109:    { ::new(static_cast<void*>(__p)) _Tp(std::forward<_Args>(__args)...); }
       16:  109-block  0
call    0 returned 16
call    1 returned 16
------------------
_ZSt10_ConstructI8TutorialJEEvPT_DpOT0_:
function _ZSt10_ConstructI8TutorialJEEvPT_DpOT0_ called 0 returned 0% blocks executed 0%
    #####:  108:    _Construct(_Tp* __p, _Args&&... __args)
    #####:  109:    { ::new(static_cast<void*>(__p)) _Tp(std::forward<_Args>(__args)...); }
    %%%%%:  109-block  0
call    0 never executed
------------------
_ZSt10_ConstructI8TutorialJRKS0_EEvPT_DpOT0_:
function _ZSt10_ConstructI8TutorialJRKS0_EEvPT_DpOT0_ called 30 returned 100% blocks executed 83%
       30:  108:    _Construct(_Tp* __p, _Args&&... __args)
       30:  109:    { ::new(static_cast<void*>(__p)) _Tp(std::forward<_Args>(__args)...); }
       30:  109-block  0
call    0 returned 30
call    1 returned 30
call    2 returned 30
branch  3 taken 30 (fallthrough)
branch  4 taken 0 (throw)
       30:  109-block  1
    $$$$$:  109-block  2
call    5 never executed
------------------
        -:  110:#else
        -:  111:  template<typename _T1, typename _T2>
        -:  112:    inline void
        -:  113:    _Construct(_T1* __p, const _T2& __value)
        -:  114:    {
        -:  115:      // _GLIBCXX_RESOLVE_LIB_DEFECTS
        -:  116:      // 402. wrong new expression in [some_]allocator::construct
        -:  117:      ::new(static_cast<void*>(__p)) _T1(__value);
        -:  118:    }
        -:  119:#endif
        -:  120:
        -:  121:  template<typename _T1>
        -:  122:    inline void
        -:  123:    _Construct_novalue(_T1* __p)
        -:  124:    { ::new(static_cast<void*>(__p)) _T1; }
        -:  125:
        -:  126:  template<typename _ForwardIterator>
        -:  127:    _GLIBCXX20_CONSTEXPR void
        -:  128:    _Destroy(_ForwardIterator __first, _ForwardIterator __last);
        -:  129:
        -:  130:  /**
        -:  131:   * Destroy the object pointed to by a pointer type.
        -:  132:   */
        -:  133:  template<typename _Tp>
        -:  134:    _GLIBCXX14_CONSTEXPR inline void
     166*:  135:    _Destroy(_Tp* __pointer)
        -:  136:    {
        -:  137:#if __cplusplus > 201703L
        -:  138:      std::destroy_at(__pointer);
        -:  139:#else
     166*:  140:      __pointer->~_Tp();
        -:  141:#endif
     166*:  142:    }
------------------
_ZSt8_DestroyISt4pairINSt7__cxx1112basic_stringIcSt11char_traitsIcESaIcEEES6_EEvPT_:
function _ZSt8_DestroyISt4pairINSt7__cxx1112basic_stringIcSt11char_traitsIcESaIcEEES6_EEvPT_ called 0 returned 0% blocks executed 0%
    #####:  135:    _Destroy(_Tp* __pointer)
        -:  136:    {
        -:  137:#if __cplusplus > 201703L
        -:  138:      std::destroy_at(__pointer);
        -:  139:#else
    #####:  140:      __pointer->~_Tp();
    %%%%%:  140-block  0
call    0 never executed
        -:  141:#endif
    #####:  142:    }
------------------
_ZSt8_DestroyINSt7__cxx1112basic_stringIcSt11char_traitsIcESaIcEEEEvPT_:
function _ZSt8_DestroyINSt7__cxx1112basic_stringIcSt11char_traitsIcESaIcEEEEvPT_ called 0 returned 0% blocks executed 0%
    #####:  135:    _Destroy(_Tp* __pointer)
        -:  136:    {
        -:  137:#if __cplusplus > 201703L
        -:  138:      std::destroy_at(__pointer);
        -:  139:#else
    #####:  140:      __pointer->~_Tp();
    %%%%%:  140-block  0
call    0 never executed
        -:  141:#endif
    #####:  142:    }
------------------
_ZSt8_DestroyINSt8__detail6_StateIcEEEvPT_:
function _ZSt8_DestroyINSt8__detail6_StateIcEEEvPT_ called 115 returned 100% blocks executed 100%
      115:  135:    _Destroy(_Tp* __pointer)
        -:  136:    {
        -:  137:#if __cplusplus > 201703L
        -:  138:      std::destroy_at(__pointer);
        -:  139:#else
      115:  140:      __pointer->~_Tp();
      115:  140-block  0
call    0 returned 115
        -:  141:#endif
      115:  142:    }
------------------
_ZSt8_DestroyISt4pairIlSt6vectorINSt7__cxx119sub_matchIN9__gnu_cxx17__normal_iteratorIPKcNS2_12basic_stringIcSt11char_traitsIcESaIcEEEEEEESaISE_EEEEvPT_:
function _ZSt8_DestroyISt4pairIlSt6vectorINSt7__cxx119sub_matchIN9__gnu_cxx17__normal_iteratorIPKcNS2_12basic_stringIcSt11char_traitsIcESaIcEEEEEEESaISE_EEEEvPT_ called 0 returned 0% blocks executed 0%
    #####:  135:    _Destroy(_Tp* __pointer)
        -:  136:    {
        -:  137:#if __cplusplus > 201703L
        -:  138:      std::destroy_at(__pointer);
        -:  139:#else
    #####:  140:      __pointer->~_Tp();
    %%%%%:  140-block  0
call    0 never executed
        -:  141:#endif
    #####:  142:    }
------------------
_ZSt8_DestroyI8TutorialEvPT_:
function _ZSt8_DestroyI8TutorialEvPT_ called 51 returned 100% blocks executed 100%
       51:  135:    _Destroy(_Tp* __pointer)
        -:  136:    {
        -:  137:#if __cplusplus > 201703L
        -:  138:      std::destroy_at(__pointer);
        -:  139:#else
       51:  140:      __pointer->~_Tp();
       51:  140-block  0
call    0 returned 51
        -:  141:#endif
       51:  142:    }
------------------
        -:  143:
        -:  144:  template<bool>
        -:  145:    struct _Destroy_aux
        -:  146:    {
        -:  147:      template<typename _ForwardIterator>
        -:  148:	static _GLIBCXX20_CONSTEXPR void
      36*:  149:	__destroy(_ForwardIterator __first, _ForwardIterator __last)
        -:  150:	{
     202*:  151:	  for (; __first != __last; ++__first)
     166*:  152:	    std::_Destroy(std::__addressof(*__first));
      36*:  153:	}
------------------
_ZNSt12_Destroy_auxILb0EE9__destroyIPSt4pairINSt7__cxx1112basic_stringIcSt11char_traitsIcESaIcEEES8_EEEvT_SB_:
function _ZNSt12_Destroy_auxILb0EE9__destroyIPSt4pairINSt7__cxx1112basic_stringIcSt11char_traitsIcESaIcEEES8_EEEvT_SB_ called 0 returned 0% blocks executed 0%
    #####:  149:	__destroy(_ForwardIterator __first, _ForwardIterator __last)
        -:  150:	{
    #####:  151:	  for (; __first != __last; ++__first)
    %%%%%:  151-block  0
    %%%%%:  151-block  1
branch  0 never executed
branch  1 never executed
    #####:  152:	    std::_Destroy(std::__addressof(*__first));
    %%%%%:  152-block  0
call    0 never executed
call    1 never executed
    #####:  153:	}
------------------
_ZNSt12_Destroy_auxILb0EE9__destroyIPNSt7__cxx1112basic_stringIcSt11char_traitsIcESaIcEEEEEvT_S9_:
function _ZNSt12_Destroy_auxILb0EE9__destroyIPNSt7__cxx1112basic_stringIcSt11char_traitsIcESaIcEEEEEvT_S9_ called 8 returned 100% blocks executed 50%
        8:  149:	__destroy(_ForwardIterator __first, _ForwardIterator __last)
        -:  150:	{
       8*:  151:	  for (; __first != __last; ++__first)
        8:  151-block  0
        8:  151-block  1
branch  0 taken 0
branch  1 taken 8 (fallthrough)
    #####:  152:	    std::_Destroy(std::__addressof(*__first));
    %%%%%:  152-block  0
call    0 never executed
call    1 never executed
        8:  153:	}
------------------
_ZNSt12_Destroy_auxILb0EE9__destroyIPNSt8__detail6_StateIcEEEEvT_S6_:
function _ZNSt12_Destroy_auxILb0EE9__destroyIPNSt8__detail6_StateIcEEEEvT_S6_ called 13 returned 100% blocks executed 100%
       13:  149:	__destroy(_ForwardIterator __first, _ForwardIterator __last)
        -:  150:	{
      128:  151:	  for (; __first != __last; ++__first)
       13:  151-block  0
      128:  151-block  1
branch  0 taken 115
branch  1 taken 13 (fallthrough)
      115:  152:	    std::_Destroy(std::__addressof(*__first));
      115:  152-block  0
call    0 returned 115
call    1 returned 115
       13:  153:	}
------------------
_ZNSt12_Destroy_auxILb0EE9__destroyIPSt4pairIlSt6vectorINSt7__cxx119sub_matchIN9__gnu_cxx17__normal_iteratorIPKcNS4_12basic_stringIcSt11char_traitsIcESaIcEEEEEEESaISG_EEEEEvT_SL_:
function _ZNSt12_Destroy_auxILb0EE9__destroyIPSt4pairIlSt6vectorINSt7__cxx119sub_matchIN9__gnu_cxx17__normal_iteratorIPKcNS4_12basic_stringIcSt11char_traitsIcESaIcEEEEEEESaISG_EEEEEvT_SL_ called 0 returned 0% blocks executed 0%
    #####:  149:	__destroy(_ForwardIterator __first, _ForwardIterator __last)
        -:  150:	{
    #####:  151:	  for (; __first != __last; ++__first)
    %%%%%:  151-block  0
    %%%%%:  151-block  1
branch  0 never executed
branch  1 never executed
    #####:  152:	    std::_Destroy(std::__addressof(*__first));
    %%%%%:  152-block  0
call    0 never executed
call    1 never executed
    #####:  153:	}
------------------
_ZNSt12_Destroy_auxILb0EE9__destroyIP8TutorialEEvT_S4_:
function _ZNSt12_Destroy_auxILb0EE9__destroyIP8TutorialEEvT_S4_ called 15 returned 100% blocks executed 100%
       15:  149:	__destroy(_ForwardIterator __first, _ForwardIterator __last)
        -:  150:	{
       66:  151:	  for (; __first != __last; ++__first)
       15:  151-block  0
       66:  151-block  1
branch  0 taken 51
branch  1 taken 15 (fallthrough)
       51:  152:	    std::_Destroy(std::__addressof(*__first));
       51:  152-block  0
call    0 returned 51
call    1 returned 51
       15:  153:	}
------------------
        -:  154:    };
        -:  155:
        -:  156:  template<>
        -:  157:    struct _Destroy_aux<true>
        -:  158:    {
        -:  159:      template<typename _ForwardIterator>
        -:  160:        static void
     504*:  161:        __destroy(_ForwardIterator, _ForwardIterator) { }
------------------
_ZNSt12_Destroy_auxILb1EE9__destroyIPNSt7__cxx1112regex_traitsIcE10_RegexMaskEEEvT_S7_:
function _ZNSt12_Destroy_auxILb1EE9__destroyIPNSt7__cxx1112regex_traitsIcE10_RegexMaskEEEvT_S7_ called 8 returned 100% blocks executed 100%
        8:  161:        __destroy(_ForwardIterator, _ForwardIterator) { }
------------------
_ZNSt12_Destroy_auxILb1EE9__destroyIPSt4pairIccEEEvT_S5_:
function _ZNSt12_Destroy_auxILb1EE9__destroyIPSt4pairIccEEEvT_S5_ called 8 returned 100% blocks executed 100%
        8:  161:        __destroy(_ForwardIterator, _ForwardIterator) { }
------------------
_ZNSt12_Destroy_auxILb1EE9__destroyIPcEEvT_S3_:
function _ZNSt12_Destroy_auxILb1EE9__destroyIPcEEvT_S3_ called 474 returned 100% blocks executed 100%
      474:  161:        __destroy(_ForwardIterator, _ForwardIterator) { }
------------------
_ZNSt12_Destroy_auxILb1EE9__destroyIN9__gnu_cxx17__normal_iteratorIPNSt7__cxx119sub_matchINS3_IPKcNS4_12basic_stringIcSt11char_traitsIcESaIcEEEEEEESt6vectorISE_SaISE_EEEEEEvT_SK_:
function _ZNSt12_Destroy_auxILb1EE9__destroyIN9__gnu_cxx17__normal_iteratorIPNSt7__cxx119sub_matchINS3_IPKcNS4_12basic_stringIcSt11char_traitsIcESaIcEEEEEEESt6vectorISE_SaISE_EEEEEEvT_SK_ called 0 returned 0% blocks executed 0%
    #####:  161:        __destroy(_ForwardIterator, _ForwardIterator) { }
------------------
_ZNSt12_Destroy_auxILb1EE9__destroyIPSt4pairIN9__gnu_cxx17__normal_iteratorIPKcNSt7__cxx1112basic_stringIcSt11char_traitsIcESaIcEEEEEiEEEvT_SG_:
function _ZNSt12_Destroy_auxILb1EE9__destroyIPSt4pairIN9__gnu_cxx17__normal_iteratorIPKcNSt7__cxx1112basic_stringIcSt11char_traitsIcESaIcEEEEEiEEEvT_SG_ called 2 returned 100% blocks executed 100%
        2:  161:        __destroy(_ForwardIterator, _ForwardIterator) { }
------------------
_ZNSt12_Destroy_auxILb1EE9__destroyIPNSt7__cxx119sub_matchIN9__gnu_cxx17__normal_iteratorIPKcNS2_12basic_stringIcSt11char_traitsIcESaIcEEEEEEEEEvT_SG_:
function _ZNSt12_Destroy_auxILb1EE9__destroyIPNSt7__cxx119sub_matchIN9__gnu_cxx17__normal_iteratorIPKcNS2_12basic_stringIcSt11char_traitsIcESaIcEEEEEEEEEvT_SG_ called 10 returned 100% blocks executed 100%
       10:  161:        __destroy(_ForwardIterator, _ForwardIterator) { }
------------------
_ZNSt12_Destroy_auxILb1EE9__destroyIPyEEvT_S3_:
function _ZNSt12_Destroy_auxILb1EE9__destroyIPyEEvT_S3_ called 2 returned 100% blocks executed 100%
        2:  161:        __destroy(_ForwardIterator, _ForwardIterator) { }
------------------
        -:  162:    };
        -:  163:
        -:  164:  /**
        -:  165:   * Destroy a range of objects.  If the value_type of the object has
        -:  166:   * a trivial destructor, the compiler should optimize all of this
        -:  167:   * away, otherwise the objects' destructors must be invoked.
        -:  168:   */
        -:  169:  template<typename _ForwardIterator>
        -:  170:    _GLIBCXX20_CONSTEXPR inline void
     540*:  171:    _Destroy(_ForwardIterator __first, _ForwardIterator __last)
        -:  172:    {
        -:  173:      typedef typename iterator_traits<_ForwardIterator>::value_type
        -:  174:                       _Value_type;
        -:  175:#if __cplusplus >= 201103L
        -:  176:      // A deleted destructor is trivial, this ensures we reject such types:
        -:  177:      static_assert(is_destructible<_Value_type>::value,
        -:  178:		    "value type is destructible");
        -:  179:#endif
        -:  180:#if __cplusplus > 201703L && defined __cpp_lib_is_constant_evaluated
        -:  181:      if (std::is_constant_evaluated())
        -:  182:	return _Destroy_aux<false>::__destroy(__first, __last);
        -:  183:#endif
        -:  184:      std::_Destroy_aux<__has_trivial_destructor(_Value_type)>::
     540*:  185:	__destroy(__first, __last);
     540*:  186:    }
------------------
_ZSt8_DestroyIPSt4pairINSt7__cxx1112basic_stringIcSt11char_traitsIcESaIcEEES6_EEvT_S9_:
function _ZSt8_DestroyIPSt4pairINSt7__cxx1112basic_stringIcSt11char_traitsIcESaIcEEES6_EEvT_S9_ called 0 returned 0% blocks executed 0%
    #####:  171:    _Destroy(_ForwardIterator __first, _ForwardIterator __last)
        -:  172:    {
        -:  173:      typedef typename iterator_traits<_ForwardIterator>::value_type
        -:  174:                       _Value_type;
        -:  175:#if __cplusplus >= 201103L
        -:  176:      // A deleted destructor is trivial, this ensures we reject such types:
        -:  177:      static_assert(is_destructible<_Value_type>::value,
        -:  178:		    "value type is destructible");
        -:  179:#endif
        -:  180:#if __cplusplus > 201703L && defined __cpp_lib_is_constant_evaluated
        -:  181:      if (std::is_constant_evaluated())
        -:  182:	return _Destroy_aux<false>::__destroy(__first, __last);
        -:  183:#endif
        -:  184:      std::_Destroy_aux<__has_trivial_destructor(_Value_type)>::
    #####:  185:	__destroy(__first, __last);
    %%%%%:  185-block  0
call    0 never executed
    #####:  186:    }
------------------
_ZSt8_DestroyIPNSt7__cxx1112regex_traitsIcE10_RegexMaskEEvT_S5_:
function _ZSt8_DestroyIPNSt7__cxx1112regex_traitsIcE10_RegexMaskEEvT_S5_ called 8 returned 100% blocks executed 100%
        8:  171:    _Destroy(_ForwardIterator __first, _ForwardIterator __last)
        -:  172:    {
        -:  173:      typedef typename iterator_traits<_ForwardIterator>::value_type
        -:  174:                       _Value_type;
        -:  175:#if __cplusplus >= 201103L
        -:  176:      // A deleted destructor is trivial, this ensures we reject such types:
        -:  177:      static_assert(is_destructible<_Value_type>::value,
        -:  178:		    "value type is destructible");
        -:  179:#endif
        -:  180:#if __cplusplus > 201703L && defined __cpp_lib_is_constant_evaluated
        -:  181:      if (std::is_constant_evaluated())
        -:  182:	return _Destroy_aux<false>::__destroy(__first, __last);
        -:  183:#endif
        -:  184:      std::_Destroy_aux<__has_trivial_destructor(_Value_type)>::
        8:  185:	__destroy(__first, __last);
        8:  185-block  0
call    0 returned 8
        8:  186:    }
------------------
_ZSt8_DestroyIPSt4pairIccEEvT_S3_:
function _ZSt8_DestroyIPSt4pairIccEEvT_S3_ called 8 returned 100% blocks executed 100%
        8:  171:    _Destroy(_ForwardIterator __first, _ForwardIterator __last)
        -:  172:    {
        -:  173:      typedef typename iterator_traits<_ForwardIterator>::value_type
        -:  174:                       _Value_type;
        -:  175:#if __cplusplus >= 201103L
        -:  176:      // A deleted destructor is trivial, this ensures we reject such types:
        -:  177:      static_assert(is_destructible<_Value_type>::value,
        -:  178:		    "value type is destructible");
        -:  179:#endif
        -:  180:#if __cplusplus > 201703L && defined __cpp_lib_is_constant_evaluated
        -:  181:      if (std::is_constant_evaluated())
        -:  182:	return _Destroy_aux<false>::__destroy(__first, __last);
        -:  183:#endif
        -:  184:      std::_Destroy_aux<__has_trivial_destructor(_Value_type)>::
        8:  185:	__destroy(__first, __last);
        8:  185-block  0
call    0 returned 8
        8:  186:    }
------------------
_ZSt8_DestroyIPNSt7__cxx1112basic_stringIcSt11char_traitsIcESaIcEEEEvT_S7_:
function _ZSt8_DestroyIPNSt7__cxx1112basic_stringIcSt11char_traitsIcESaIcEEEEvT_S7_ called 8 returned 100% blocks executed 100%
        8:  171:    _Destroy(_ForwardIterator __first, _ForwardIterator __last)
        -:  172:    {
        -:  173:      typedef typename iterator_traits<_ForwardIterator>::value_type
        -:  174:                       _Value_type;
        -:  175:#if __cplusplus >= 201103L
        -:  176:      // A deleted destructor is trivial, this ensures we reject such types:
        -:  177:      static_assert(is_destructible<_Value_type>::value,
        -:  178:		    "value type is destructible");
        -:  179:#endif
        -:  180:#if __cplusplus > 201703L && defined __cpp_lib_is_constant_evaluated
        -:  181:      if (std::is_constant_evaluated())
        -:  182:	return _Destroy_aux<false>::__destroy(__first, __last);
        -:  183:#endif
        -:  184:      std::_Destroy_aux<__has_trivial_destructor(_Value_type)>::
        8:  185:	__destroy(__first, __last);
        8:  185-block  0
call    0 returned 8
        8:  186:    }
------------------
_ZSt8_DestroyIPcEvT_S1_:
function _ZSt8_DestroyIPcEvT_S1_ called 474 returned 100% blocks executed 100%
      474:  171:    _Destroy(_ForwardIterator __first, _ForwardIterator __last)
        -:  172:    {
        -:  173:      typedef typename iterator_traits<_ForwardIterator>::value_type
        -:  174:                       _Value_type;
        -:  175:#if __cplusplus >= 201103L
        -:  176:      // A deleted destructor is trivial, this ensures we reject such types:
        -:  177:      static_assert(is_destructible<_Value_type>::value,
        -:  178:		    "value type is destructible");
        -:  179:#endif
        -:  180:#if __cplusplus > 201703L && defined __cpp_lib_is_constant_evaluated
        -:  181:      if (std::is_constant_evaluated())
        -:  182:	return _Destroy_aux<false>::__destroy(__first, __last);
        -:  183:#endif
        -:  184:      std::_Destroy_aux<__has_trivial_destructor(_Value_type)>::
      474:  185:	__destroy(__first, __last);
      474:  185-block  0
call    0 returned 474
      474:  186:    }
------------------
_ZSt8_DestroyIPNSt8__detail6_StateIcEEEvT_S4_:
function _ZSt8_DestroyIPNSt8__detail6_StateIcEEEvT_S4_ called 13 returned 100% blocks executed 100%
       13:  171:    _Destroy(_ForwardIterator __first, _ForwardIterator __last)
        -:  172:    {
        -:  173:      typedef typename iterator_traits<_ForwardIterator>::value_type
        -:  174:                       _Value_type;
        -:  175:#if __cplusplus >= 201103L
        -:  176:      // A deleted destructor is trivial, this ensures we reject such types:
        -:  177:      static_assert(is_destructible<_Value_type>::value,
        -:  178:		    "value type is destructible");
        -:  179:#endif
        -:  180:#if __cplusplus > 201703L && defined __cpp_lib_is_constant_evaluated
        -:  181:      if (std::is_constant_evaluated())
        -:  182:	return _Destroy_aux<false>::__destroy(__first, __last);
        -:  183:#endif
        -:  184:      std::_Destroy_aux<__has_trivial_destructor(_Value_type)>::
       13:  185:	__destroy(__first, __last);
       13:  185-block  0
call    0 returned 13
       13:  186:    }
------------------
_ZSt8_DestroyIN9__gnu_cxx17__normal_iteratorIPNSt7__cxx119sub_matchINS1_IPKcNS2_12basic_stringIcSt11char_traitsIcESaIcEEEEEEESt6vectorISC_SaISC_EEEEEvT_SI_:
function _ZSt8_DestroyIN9__gnu_cxx17__normal_iteratorIPNSt7__cxx119sub_matchINS1_IPKcNS2_12basic_stringIcSt11char_traitsIcESaIcEEEEEEESt6vectorISC_SaISC_EEEEEvT_SI_ called 0 returned 0% blocks executed 0%
    #####:  171:    _Destroy(_ForwardIterator __first, _ForwardIterator __last)
        -:  172:    {
        -:  173:      typedef typename iterator_traits<_ForwardIterator>::value_type
        -:  174:                       _Value_type;
        -:  175:#if __cplusplus >= 201103L
        -:  176:      // A deleted destructor is trivial, this ensures we reject such types:
        -:  177:      static_assert(is_destructible<_Value_type>::value,
        -:  178:		    "value type is destructible");
        -:  179:#endif
        -:  180:#if __cplusplus > 201703L && defined __cpp_lib_is_constant_evaluated
        -:  181:      if (std::is_constant_evaluated())
        -:  182:	return _Destroy_aux<false>::__destroy(__first, __last);
        -:  183:#endif
        -:  184:      std::_Destroy_aux<__has_trivial_destructor(_Value_type)>::
    #####:  185:	__destroy(__first, __last);
    %%%%%:  185-block  0
call    0 never executed
    #####:  186:    }
------------------
_ZSt8_DestroyIPSt4pairIlSt6vectorINSt7__cxx119sub_matchIN9__gnu_cxx17__normal_iteratorIPKcNS2_12basic_stringIcSt11char_traitsIcESaIcEEEEEEESaISE_EEEEvT_SJ_:
function _ZSt8_DestroyIPSt4pairIlSt6vectorINSt7__cxx119sub_matchIN9__gnu_cxx17__normal_iteratorIPKcNS2_12basic_stringIcSt11char_traitsIcESaIcEEEEEEESaISE_EEEEvT_SJ_ called 0 returned 0% blocks executed 0%
    #####:  171:    _Destroy(_ForwardIterator __first, _ForwardIterator __last)
        -:  172:    {
        -:  173:      typedef typename iterator_traits<_ForwardIterator>::value_type
        -:  174:                       _Value_type;
        -:  175:#if __cplusplus >= 201103L
        -:  176:      // A deleted destructor is trivial, this ensures we reject such types:
        -:  177:      static_assert(is_destructible<_Value_type>::value,
        -:  178:		    "value type is destructible");
        -:  179:#endif
        -:  180:#if __cplusplus > 201703L && defined __cpp_lib_is_constant_evaluated
        -:  181:      if (std::is_constant_evaluated())
        -:  182:	return _Destroy_aux<false>::__destroy(__first, __last);
        -:  183:#endif
        -:  184:      std::_Destroy_aux<__has_trivial_destructor(_Value_type)>::
    #####:  185:	__destroy(__first, __last);
    %%%%%:  185-block  0
call    0 never executed
    #####:  186:    }
------------------
_ZSt8_DestroyIPSt4pairIN9__gnu_cxx17__normal_iteratorIPKcNSt7__cxx1112basic_stringIcSt11char_traitsIcESaIcEEEEEiEEvT_SE_:
function _ZSt8_DestroyIPSt4pairIN9__gnu_cxx17__normal_iteratorIPKcNSt7__cxx1112basic_stringIcSt11char_traitsIcESaIcEEEEEiEEvT_SE_ called 2 returned 100% blocks executed 100%
        2:  171:    _Destroy(_ForwardIterator __first, _ForwardIterator __last)
        -:  172:    {
        -:  173:      typedef typename iterator_traits<_ForwardIterator>::value_type
        -:  174:                       _Value_type;
        -:  175:#if __cplusplus >= 201103L
        -:  176:      // A deleted destructor is trivial, this ensures we reject such types:
        -:  177:      static_assert(is_destructible<_Value_type>::value,
        -:  178:		    "value type is destructible");
        -:  179:#endif
        -:  180:#if __cplusplus > 201703L && defined __cpp_lib_is_constant_evaluated
        -:  181:      if (std::is_constant_evaluated())
        -:  182:	return _Destroy_aux<false>::__destroy(__first, __last);
        -:  183:#endif
        -:  184:      std::_Destroy_aux<__has_trivial_destructor(_Value_type)>::
        2:  185:	__destroy(__first, __last);
        2:  185-block  0
call    0 returned 2
        2:  186:    }
------------------
_ZSt8_DestroyIPNSt7__cxx119sub_matchIN9__gnu_cxx17__normal_iteratorIPKcNS0_12basic_stringIcSt11char_traitsIcESaIcEEEEEEEEvT_SE_:
function _ZSt8_DestroyIPNSt7__cxx119sub_matchIN9__gnu_cxx17__normal_iteratorIPKcNS0_12basic_stringIcSt11char_traitsIcESaIcEEEEEEEEvT_SE_ called 10 returned 100% blocks executed 100%
       10:  171:    _Destroy(_ForwardIterator __first, _ForwardIterator __last)
        -:  172:    {
        -:  173:      typedef typename iterator_traits<_ForwardIterator>::value_type
        -:  174:                       _Value_type;
        -:  175:#if __cplusplus >= 201103L
        -:  176:      // A deleted destructor is trivial, this ensures we reject such types:
        -:  177:      static_assert(is_destructible<_Value_type>::value,
        -:  178:		    "value type is destructible");
        -:  179:#endif
        -:  180:#if __cplusplus > 201703L && defined __cpp_lib_is_constant_evaluated
        -:  181:      if (std::is_constant_evaluated())
        -:  182:	return _Destroy_aux<false>::__destroy(__first, __last);
        -:  183:#endif
        -:  184:      std::_Destroy_aux<__has_trivial_destructor(_Value_type)>::
       10:  185:	__destroy(__first, __last);
       10:  185-block  0
call    0 returned 10
       10:  186:    }
------------------
_ZSt8_DestroyIP8TutorialEvT_S2_:
function _ZSt8_DestroyIP8TutorialEvT_S2_ called 15 returned 100% blocks executed 100%
       15:  171:    _Destroy(_ForwardIterator __first, _ForwardIterator __last)
        -:  172:    {
        -:  173:      typedef typename iterator_traits<_ForwardIterator>::value_type
        -:  174:                       _Value_type;
        -:  175:#if __cplusplus >= 201103L
        -:  176:      // A deleted destructor is trivial, this ensures we reject such types:
        -:  177:      static_assert(is_destructible<_Value_type>::value,
        -:  178:		    "value type is destructible");
        -:  179:#endif
        -:  180:#if __cplusplus > 201703L && defined __cpp_lib_is_constant_evaluated
        -:  181:      if (std::is_constant_evaluated())
        -:  182:	return _Destroy_aux<false>::__destroy(__first, __last);
        -:  183:#endif
        -:  184:      std::_Destroy_aux<__has_trivial_destructor(_Value_type)>::
       15:  185:	__destroy(__first, __last);
       15:  185-block  0
call    0 returned 15
       15:  186:    }
------------------
_ZSt8_DestroyIPyEvT_S1_:
function _ZSt8_DestroyIPyEvT_S1_ called 2 returned 100% blocks executed 100%
        2:  171:    _Destroy(_ForwardIterator __first, _ForwardIterator __last)
        -:  172:    {
        -:  173:      typedef typename iterator_traits<_ForwardIterator>::value_type
        -:  174:                       _Value_type;
        -:  175:#if __cplusplus >= 201103L
        -:  176:      // A deleted destructor is trivial, this ensures we reject such types:
        -:  177:      static_assert(is_destructible<_Value_type>::value,
        -:  178:		    "value type is destructible");
        -:  179:#endif
        -:  180:#if __cplusplus > 201703L && defined __cpp_lib_is_constant_evaluated
        -:  181:      if (std::is_constant_evaluated())
        -:  182:	return _Destroy_aux<false>::__destroy(__first, __last);
        -:  183:#endif
        -:  184:      std::_Destroy_aux<__has_trivial_destructor(_Value_type)>::
        2:  185:	__destroy(__first, __last);
        2:  185-block  0
call    0 returned 2
        2:  186:    }
------------------
        -:  187:
        -:  188:  template<bool>
        -:  189:    struct _Destroy_n_aux
        -:  190:    {
        -:  191:      template<typename _ForwardIterator, typename _Size>
        -:  192:	static _GLIBCXX20_CONSTEXPR _ForwardIterator
        -:  193:	__destroy_n(_ForwardIterator __first, _Size __count)
        -:  194:	{
        -:  195:	  for (; __count > 0; (void)++__first, --__count)
        -:  196:	    std::_Destroy(std::__addressof(*__first));
        -:  197:	  return __first;
        -:  198:	}
        -:  199:    };
        -:  200:
        -:  201:  template<>
        -:  202:    struct _Destroy_n_aux<true>
        -:  203:    {
        -:  204:      template<typename _ForwardIterator, typename _Size>
        -:  205:        static _ForwardIterator
        -:  206:        __destroy_n(_ForwardIterator __first, _Size __count)
        -:  207:	{
        -:  208:	  std::advance(__first, __count);
        -:  209:	  return __first;
        -:  210:	}
        -:  211:    };
        -:  212:
        -:  213:  /**
        -:  214:   * Destroy a range of objects.  If the value_type of the object has
        -:  215:   * a trivial destructor, the compiler should optimize all of this
        -:  216:   * away, otherwise the objects' destructors must be invoked.
        -:  217:   */
        -:  218:  template<typename _ForwardIterator, typename _Size>
        -:  219:    _GLIBCXX20_CONSTEXPR inline _ForwardIterator
        -:  220:    _Destroy_n(_ForwardIterator __first, _Size __count)
        -:  221:    {
        -:  222:      typedef typename iterator_traits<_ForwardIterator>::value_type
        -:  223:                       _Value_type;
        -:  224:#if __cplusplus >= 201103L
        -:  225:      // A deleted destructor is trivial, this ensures we reject such types:
        -:  226:      static_assert(is_destructible<_Value_type>::value,
        -:  227:		    "value type is destructible");
        -:  228:#endif
        -:  229:#if __cplusplus > 201703L && defined __cpp_lib_is_constant_evaluated
        -:  230:      if (std::is_constant_evaluated())
        -:  231:	return _Destroy_n_aux<false>::__destroy_n(__first, __count);
        -:  232:#endif
        -:  233:      return std::_Destroy_n_aux<__has_trivial_destructor(_Value_type)>::
        -:  234:	__destroy_n(__first, __count);
        -:  235:    }
        -:  236:
        -:  237:#if __cplusplus >= 201703L
        -:  238:  template <typename _ForwardIterator>
        -:  239:    _GLIBCXX20_CONSTEXPR inline void
        -:  240:    destroy(_ForwardIterator __first, _ForwardIterator __last)
        -:  241:    {
        -:  242:      std::_Destroy(__first, __last);
        -:  243:    }
        -:  244:
        -:  245:  template <typename _ForwardIterator, typename _Size>
        -:  246:    _GLIBCXX20_CONSTEXPR inline _ForwardIterator
        -:  247:    destroy_n(_ForwardIterator __first, _Size __count)
        -:  248:    {
        -:  249:      return std::_Destroy_n(__first, __count);
        -:  250:    }
        -:  251:#endif // C++17
        -:  252:
        -:  253:_GLIBCXX_END_NAMESPACE_VERSION
        -:  254:} // namespace std
        -:  255:
        -:  256:#endif /* _STL_CONSTRUCT_H */
